<?xml version="1.0" encoding="UTF-8"?>
<!-- Generated by org.testng.reporters.JUnitXMLReporter -->
<testsuite hostname="DESKTOP-EUF29Q1" ignored="0" name="Test on CRM UI Automation" tests="3" failures="0" timestamp="2020-04-07T14:06:10 EDT" time="20.265" errors="0">
  <testcase name="addCRMCustomer" time="7.639" classname="com.crm.ui.CRMAppAutomationTest"/>
  <testcase name="deleteCRMCustomer" time="2.265" classname="com.crm.ui.CRMAppAutomationTest"/>
  <testcase name="updateCRMCustomer" time="6.151" classname="com.crm.ui.CRMAppAutomationTest"/>
</testsuite> <!-- Test on CRM UI Automation -->
