<?xml version="1.0" encoding="UTF-8"?>
<testng-results skipped="0" failed="0" ignored="0" total="3" passed="3">
  <reporter-output>
  </reporter-output>
  <suite name="CRM Test Suite" duration-ms="20265" started-at="2020-04-07T14:05:50 EDT" finished-at="2020-04-07T14:06:10 EDT">
    <groups>
    </groups>
    <test name="Test on CRM UI Automation" duration-ms="20265" started-at="2020-04-07T14:05:50 EDT" finished-at="2020-04-07T14:06:10 EDT">
      <class name="com.crm.ui.CRMAppAutomationTest">
        <test-method status="PASS" signature="initialize()[pri:0, instance:com.crm.ui.CRMAppAutomationTest@58c1670b]" name="initialize" is-config="true" duration-ms="3975" started-at="2020-04-07T14:05:50 EDT" finished-at="2020-04-07T14:05:54 EDT">
          <reporter-output>
          </reporter-output>
        </test-method> <!-- initialize -->
        <test-method status="PASS" signature="addCRMCustomer()[pri:0, instance:com.crm.ui.CRMAppAutomationTest@58c1670b]" name="addCRMCustomer" duration-ms="7639" started-at="2020-04-07T14:05:54 EDT" finished-at="2020-04-07T14:06:01 EDT">
          <reporter-output>
          </reporter-output>
        </test-method> <!-- addCRMCustomer -->
        <test-method status="PASS" signature="deleteCRMCustomer()[pri:0, instance:com.crm.ui.CRMAppAutomationTest@58c1670b]" name="deleteCRMCustomer" duration-ms="2265" started-at="2020-04-07T14:06:01 EDT" finished-at="2020-04-07T14:06:04 EDT">
          <reporter-output>
          </reporter-output>
        </test-method> <!-- deleteCRMCustomer -->
        <test-method status="PASS" signature="updateCRMCustomer()[pri:0, instance:com.crm.ui.CRMAppAutomationTest@58c1670b]" name="updateCRMCustomer" duration-ms="6151" started-at="2020-04-07T14:06:04 EDT" finished-at="2020-04-07T14:06:10 EDT">
          <reporter-output>
          </reporter-output>
        </test-method> <!-- updateCRMCustomer -->
        <test-method status="PASS" signature="tearDown()[pri:0, instance:com.crm.ui.CRMAppAutomationTest@58c1670b]" name="tearDown" is-config="true" duration-ms="171" started-at="2020-04-07T14:06:10 EDT" finished-at="2020-04-07T14:06:10 EDT">
          <reporter-output>
          </reporter-output>
        </test-method> <!-- tearDown -->
      </class> <!-- com.crm.ui.CRMAppAutomationTest -->
    </test> <!-- Test on CRM UI Automation -->
  </suite> <!-- CRM Test Suite -->
</testng-results>
